Determining if the pthread_create exist failed with the following output:
Change Dir: /home/atpandey/Group_Project/Udacity_SDC_Capstone/ros/build/CMakeFiles/CMakeTmp

Run Build Command:"/usr/bin/make" "cmTC_228c9/fast"
/usr/bin/make -f CMakeFiles/cmTC_228c9.dir/build.make CMakeFiles/cmTC_228c9.dir/build
make[1]: Entering directory '/home/atpandey/Group_Project/Udacity_SDC_Capstone/ros/build/CMakeFiles/CMakeTmp'
Building C object CMakeFiles/cmTC_228c9.dir/CheckSymbolExists.c.o
/usr/bin/cc     -o CMakeFiles/cmTC_228c9.dir/CheckSymbolExists.c.o   -c /home/atpandey/Group_Project/Udacity_SDC_Capstone/ros/build/CMakeFiles/CMakeTmp/CheckSymbolExists.c
Linking C executable cmTC_228c9
/usr/bin/cmake -E cmake_link_script CMakeFiles/cmTC_228c9.dir/link.txt --verbose=1
/usr/bin/cc       CMakeFiles/cmTC_228c9.dir/CheckSymbolExists.c.o  -o cmTC_228c9 -rdynamic 
CMakeFiles/cmTC_228c9.dir/CheckSymbolExists.c.o: In function `main':
CheckSymbolExists.c:(.text+0x16): undefined reference to `pthread_create'
collect2: error: ld returned 1 exit status
CMakeFiles/cmTC_228c9.dir/build.make:97: recipe for target 'cmTC_228c9' failed
make[1]: *** [cmTC_228c9] Error 1
make[1]: Leaving directory '/home/atpandey/Group_Project/Udacity_SDC_Capstone/ros/build/CMakeFiles/CMakeTmp'
Makefile:126: recipe for target 'cmTC_228c9/fast' failed
make: *** [cmTC_228c9/fast] Error 2

File /home/atpandey/Group_Project/Udacity_SDC_Capstone/ros/build/CMakeFiles/CMakeTmp/CheckSymbolExists.c:
/* */
#include <pthread.h>

int main(int argc, char** argv)
{
  (void)argv;
#ifndef pthread_create
  return ((int*)(&pthread_create))[argc];
#else
  (void)argc;
  return 0;
#endif
}

Determining if the function pthread_create exists in the pthreads failed with the following output:
Change Dir: /home/atpandey/Group_Project/Udacity_SDC_Capstone/ros/build/CMakeFiles/CMakeTmp

Run Build Command:"/usr/bin/make" "cmTC_646ec/fast"
/usr/bin/make -f CMakeFiles/cmTC_646ec.dir/build.make CMakeFiles/cmTC_646ec.dir/build
make[1]: Entering directory '/home/atpandey/Group_Project/Udacity_SDC_Capstone/ros/build/CMakeFiles/CMakeTmp'
Building C object CMakeFiles/cmTC_646ec.dir/CheckFunctionExists.c.o
/usr/bin/cc    -DCHECK_FUNCTION_EXISTS=pthread_create   -o CMakeFiles/cmTC_646ec.dir/CheckFunctionExists.c.o   -c /usr/share/cmake-3.5/Modules/CheckFunctionExists.c
Linking C executable cmTC_646ec
/usr/bin/cmake -E cmake_link_script CMakeFiles/cmTC_646ec.dir/link.txt --verbose=1
/usr/bin/cc   -DCHECK_FUNCTION_EXISTS=pthread_create    CMakeFiles/cmTC_646ec.dir/CheckFunctionExists.c.o  -o cmTC_646ec -rdynamic -lpthreads 
/usr/bin/ld: cannot find -lpthreads
collect2: error: ld returned 1 exit status
CMakeFiles/cmTC_646ec.dir/build.make:97: recipe for target 'cmTC_646ec' failed
make[1]: *** [cmTC_646ec] Error 1
make[1]: Leaving directory '/home/atpandey/Group_Project/Udacity_SDC_Capstone/ros/build/CMakeFiles/CMakeTmp'
Makefile:126: recipe for target 'cmTC_646ec/fast' failed
make: *** [cmTC_646ec/fast] Error 2


